Copyright 1986-2016 Xilinx, Inc. All Rights Reserved.
----------------------------------------------------------------------------------------------------------------------------------------------------------
| Tool Version     : Vivado v.2016.2 (win64) Build 1577090 Thu Jun  2 16:32:40 MDT 2016
| Date             : Thu Apr 05 00:42:25 2018
| Host             : Chiang-PC running 64-bit major release  (build 9200)
| Command          : report_power -file AUDIO_FX_TOP_power_routed.rpt -pb AUDIO_FX_TOP_power_summary_routed.pb -rpx AUDIO_FX_TOP_power_routed.rpx
| Design           : AUDIO_FX_TOP
| Device           : xc7a35tcpg236-1
| Design State     : routed
| Grade            : commercial
| Process          : typical
| Characterization : Production
----------------------------------------------------------------------------------------------------------------------------------------------------------

Power Report

Table of Contents
-----------------
1. Summary
1.1 On-Chip Components
1.2 Power Supply Summary
1.3 Confidence Level
2. Settings
2.1 Environment
2.2 Clock Constraints
3. Detailed Reports
3.1 By Hierarchy

1. Summary
----------

+--------------------------+-------+
| Total On-Chip Power (W)  | 0.094 |
| Dynamic (W)              | 0.023 |
| Device Static (W)        | 0.072 |
| Effective TJA (C/W)      | 5.0   |
| Max Ambient (C)          | 84.5  |
| Junction Temperature (C) | 25.5  |
| Confidence Level         | Low   |
| Setting File             | ---   |
| Simulation Activity File | ---   |
| Design Nets Matched      | NA    |
+--------------------------+-------+


1.1 On-Chip Components
----------------------

+----------------+-----------+----------+-----------+-----------------+
| On-Chip        | Power (W) | Used     | Available | Utilization (%) |
+----------------+-----------+----------+-----------+-----------------+
| Clocks         |     0.007 |        3 |       --- |             --- |
| Slice Logic    |     0.003 |     2504 |       --- |             --- |
|   LUT as Logic |     0.002 |      740 |     20800 |            3.56 |
|   CARRY4       |    <0.001 |      404 |      8150 |            4.96 |
|   Register     |    <0.001 |     1263 |     41600 |            3.04 |
|   Others       |     0.000 |       89 |       --- |             --- |
| Signals        |     0.005 |     1915 |       --- |             --- |
| I/O            |     0.008 |       16 |       106 |           15.09 |
| Static Power   |     0.072 |          |           |                 |
| Total          |     0.094 |          |           |                 |
+----------------+-----------+----------+-----------+-----------------+


1.2 Power Supply Summary
------------------------

+-----------+-------------+-----------+-------------+------------+
| Source    | Voltage (V) | Total (A) | Dynamic (A) | Static (A) |
+-----------+-------------+-----------+-------------+------------+
| Vccint    |       1.000 |     0.025 |       0.015 |      0.010 |
| Vccaux    |       1.800 |     0.013 |       0.000 |      0.013 |
| Vcco33    |       3.300 |     0.003 |       0.002 |      0.001 |
| Vcco25    |       2.500 |     0.000 |       0.000 |      0.000 |
| Vcco18    |       1.800 |     0.000 |       0.000 |      0.000 |
| Vcco15    |       1.500 |     0.000 |       0.000 |      0.000 |
| Vcco135   |       1.350 |     0.000 |       0.000 |      0.000 |
| Vcco12    |       1.200 |     0.000 |       0.000 |      0.000 |
| Vccaux_io |       1.800 |     0.000 |       0.000 |      0.000 |
| Vccbram   |       1.000 |     0.000 |       0.000 |      0.000 |
| MGTAVcc   |       1.000 |     0.000 |       0.000 |      0.000 |
| MGTAVtt   |       1.200 |     0.000 |       0.000 |      0.000 |
| Vccadc    |       1.800 |     0.020 |       0.000 |      0.020 |
+-----------+-------------+-----------+-------------+------------+


1.3 Confidence Level
--------------------

+-----------------------------+------------+--------------------------------------------------------+------------------------------------------------------------------------------------------------------------+
| User Input Data             | Confidence | Details                                                | Action                                                                                                     |
+-----------------------------+------------+--------------------------------------------------------+------------------------------------------------------------------------------------------------------------+
| Design implementation state | High       | Design is routed                                       |                                                                                                            |
| Clock nodes activity        | High       | User specified more than 95% of clocks                 |                                                                                                            |
| I/O nodes activity          | Low        | More than 75% of inputs are missing user specification | Provide missing input activity with simulation results or by editing the "By Resource Type -> I/Os" view   |
| Internal nodes activity     | Medium     | User specified less than 25% of internal nodes         | Provide missing internal nodes activity with simulation results or by editing the "By Resource Type" views |
| Device models               | High       | Device models are Production                           |                                                                                                            |
|                             |            |                                                        |                                                                                                            |
| Overall confidence level    | Low        |                                                        |                                                                                                            |
+-----------------------------+------------+--------------------------------------------------------+------------------------------------------------------------------------------------------------------------+


2. Settings
-----------

2.1 Environment
---------------

+-----------------------+--------------------------+
| Ambient Temp (C)      | 25.0                     |
| ThetaJA (C/W)         | 5.0                      |
| Airflow (LFM)         | 250                      |
| Heat Sink             | medium (Medium Profile)  |
| ThetaSA (C/W)         | 4.6                      |
| Board Selection       | medium (10"x10")         |
| # of Board Layers     | 12to15 (12 to 15 Layers) |
| Board Temperature (C) | 25.0                     |
+-----------------------+--------------------------+


2.2 Clock Constraints
---------------------

+-------------+--------+-----------------+
| Clock       | Domain | Constraint (ns) |
+-------------+--------+-----------------+
| sys_clk_pin | CLK    |            10.0 |
+-------------+--------+-----------------+


3. Detailed Reports
-------------------

3.1 By Hierarchy
----------------

+--------------+-----------+
| Name         | Power (W) |
+--------------+-----------+
| AUDIO_FX_TOP |     0.023 |
|   clock_20k  |    <0.001 |
|   clock_50M  |    <0.001 |
|   loud       |     0.003 |
|     A4       |    <0.001 |
|     B4       |    <0.001 |
|     C4       |    <0.001 |
|     D4       |    <0.001 |
|     E4       |    <0.001 |
|     F4       |    <0.001 |
|     G4       |    <0.001 |
|   pushbutton |     0.011 |
|     A4       |    <0.001 |
|     A5       |    <0.001 |
|     A6       |    <0.001 |
|     A7       |    <0.001 |
|     B4       |    <0.001 |
|     B5       |    <0.001 |
|     B6       |    <0.001 |
|     B7       |    <0.001 |
|     C4       |    <0.001 |
|     C5       |    <0.001 |
|     C6       |    <0.001 |
|     C7       |    <0.001 |
|     D4       |    <0.001 |
|     D5       |    <0.001 |
|     D6       |    <0.001 |
|     D7       |    <0.001 |
|     E4       |    <0.001 |
|     E5       |    <0.001 |
|     E6       |    <0.001 |
|     E7       |    <0.001 |
|     F4       |    <0.001 |
|     F5       |    <0.001 |
|     F6       |    <0.001 |
|     F7       |    <0.001 |
|     G4       |    <0.001 |
|     G5       |    <0.001 |
|     G6       |    <0.001 |
|     G7       |    <0.001 |
|     SPUP     |    <0.001 |
|       dff1   |    <0.001 |
|       dff2   |    <0.001 |
|   u1         |    <0.001 |
|   u2         |    <0.001 |
+--------------+-----------+


