#-----------------------------------------------------------
# Vivado v2016.2 (64-bit)
# SW Build 1577090 on Thu Jun  2 16:32:40 MDT 2016
# IP Build 1577682 on Fri Jun  3 12:00:54 MDT 2016
# Start of session at: Tue Apr 03 11:52:02 2018
# Process ID: 6652
# Current directory: C:/Users/gagu2_000/Desktop/audio_effects/audio_effects
# Command line: vivado.exe -gui_launcher_event rodinguilauncherevent3116 C:\Users\gagu2_000\Desktop\audio_effects\audio_effects\audio_effects.xpr
# Log file: C:/Users/gagu2_000/Desktop/audio_effects/audio_effects/vivado.log
# Journal file: C:/Users/gagu2_000/Desktop/audio_effects/audio_effects\vivado.jou
#-----------------------------------------------------------
start_gui
open_project C:/Users/gagu2_000/Desktop/audio_effects/audio_effects/audio_effects.xpr
Scanning sources...
Finished scanning sources
INFO: [IP_Flow 19-234] Refreshing IP repositories
INFO: [IP_Flow 19-1704] No user IP repositories specified
INFO: [IP_Flow 19-2313] Loaded Vivado IP repository 'C:/Xilinx/Vivado/2016.2/data/ip'.
open_project: Time (s): cpu = 00:00:36 ; elapsed = 00:00:22 . Memory (MB): peak = 743.137 ; gain = 134.094
update_compile_order -fileset sources_1
exit
INFO: [Common 17-206] Exiting Vivado at Tue Apr 03 12:25:24 2018...
