#-----------------------------------------------------------
# Vivado v2016.2 (64-bit)
# SW Build 1577090 on Thu Jun  2 16:32:40 MDT 2016
# IP Build 1577682 on Fri Jun  3 12:00:54 MDT 2016
# Start of session at: Tue Apr 03 21:12:28 2018
# Process ID: 1032
# Current directory: C:/Users/gagu2_000/Desktop/audio_effects/audio_effects
# Command line: vivado.exe -gui_launcher_event rodinguilauncherevent6008 C:\Users\gagu2_000\Desktop\audio_effects\audio_effects\audio_effects.xpr
# Log file: C:/Users/gagu2_000/Desktop/audio_effects/audio_effects/vivado.log
# Journal file: C:/Users/gagu2_000/Desktop/audio_effects/audio_effects\vivado.jou
#-----------------------------------------------------------
start_gui
open_project C:/Users/gagu2_000/Desktop/audio_effects/audio_effects/audio_effects.xpr
Scanning sources...
Finished scanning sources
INFO: [IP_Flow 19-234] Refreshing IP repositories
INFO: [IP_Flow 19-1704] No user IP repositories specified
INFO: [IP_Flow 19-2313] Loaded Vivado IP repository 'C:/Xilinx/Vivado/2016.2/data/ip'.
open_project: Time (s): cpu = 00:00:32 ; elapsed = 00:00:27 . Memory (MB): peak = 772.754 ; gain = 121.336
update_compile_order -fileset sources_1
update_compile_order -fileset sources_1
reset_run synth_1
launch_runs impl_1 -to_step write_bitstream
[Tue Apr 03 22:06:01 2018] Launched synth_1...
Run output will be captured here: C:/Users/gagu2_000/Desktop/audio_effects/audio_effects/audio_effects.runs/synth_1/runme.log
[Tue Apr 03 22:06:01 2018] Launched impl_1...
Run output will be captured here: C:/Users/gagu2_000/Desktop/audio_effects/audio_effects/audio_effects.runs/impl_1/runme.log
reset_run synth_1
launch_runs impl_1 -to_step write_bitstream
[Tue Apr 03 22:13:10 2018] Launched synth_1...
Run output will be captured here: C:/Users/gagu2_000/Desktop/audio_effects/audio_effects/audio_effects.runs/synth_1/runme.log
[Tue Apr 03 22:13:10 2018] Launched impl_1...
Run output will be captured here: C:/Users/gagu2_000/Desktop/audio_effects/audio_effects/audio_effects.runs/impl_1/runme.log
reset_run synth_1 -noclean_dir 
launch_runs impl_1 -to_step write_bitstream
[Tue Apr 03 22:17:34 2018] Launched synth_1...
Run output will be captured here: C:/Users/gagu2_000/Desktop/audio_effects/audio_effects/audio_effects.runs/synth_1/runme.log
[Tue Apr 03 22:17:34 2018] Launched impl_1...
Run output will be captured here: C:/Users/gagu2_000/Desktop/audio_effects/audio_effects/audio_effects.runs/impl_1/runme.log
reset_run synth_1
WARNING: [Vivado 12-1017] Problems encountered:
1. PID not specified

launch_runs impl_1 -to_step write_bitstream
[Tue Apr 03 22:18:29 2018] Launched synth_1...
Run output will be captured here: C:/Users/gagu2_000/Desktop/audio_effects/audio_effects/audio_effects.runs/synth_1/runme.log
[Tue Apr 03 22:18:29 2018] Launched impl_1...
Run output will be captured here: C:/Users/gagu2_000/Desktop/audio_effects/audio_effects/audio_effects.runs/impl_1/runme.log
reset_run impl_1 -prev_step 
WARNING: [Vivado 12-1017] Problems encountered:
1. PID not specified

launch_runs impl_1
[Tue Apr 03 22:19:39 2018] Launched impl_1...
Run output will be captured here: C:/Users/gagu2_000/Desktop/audio_effects/audio_effects/audio_effects.runs/impl_1/runme.log
reset_run synth_1
launch_runs synth_1
INFO: [HDL 9-2216] Analyzing Verilog file "C:/Users/gagu2_000/Desktop/audio_effects/audio_effects/audio_effects.srcs/sources_1/new/button.v" into library work [C:/Users/gagu2_000/Desktop/audio_effects/audio_effects/audio_effects.srcs/sources_1/new/button.v:1]
[Tue Apr 03 22:26:53 2018] Launched synth_1...
Run output will be captured here: C:/Users/gagu2_000/Desktop/audio_effects/audio_effects/audio_effects.runs/synth_1/runme.log
launch_runs impl_1
[Tue Apr 03 22:28:55 2018] Launched impl_1...
Run output will be captured here: C:/Users/gagu2_000/Desktop/audio_effects/audio_effects/audio_effects.runs/impl_1/runme.log
launch_runs impl_1 -to_step write_bitstream
[Tue Apr 03 22:30:12 2018] Launched impl_1...
Run output will be captured here: C:/Users/gagu2_000/Desktop/audio_effects/audio_effects/audio_effects.runs/impl_1/runme.log
exit
INFO: [Common 17-206] Exiting Vivado at Tue Apr 03 22:31:22 2018...
