#-----------------------------------------------------------
# Vivado v2016.2 (64-bit)
# SW Build 1577090 on Thu Jun  2 16:32:40 MDT 2016
# IP Build 1577682 on Fri Jun  3 12:00:54 MDT 2016
# Start of session at: Tue Apr 03 17:30:57 2018
# Process ID: 4584
# Current directory: C:/Users/gagu2_000/Desktop/audio_effects/audio_effects
# Command line: vivado.exe -gui_launcher_event rodinguilauncherevent4136 C:\Users\gagu2_000\Desktop\audio_effects\audio_effects\audio_effects.xpr
# Log file: C:/Users/gagu2_000/Desktop/audio_effects/audio_effects/vivado.log
# Journal file: C:/Users/gagu2_000/Desktop/audio_effects/audio_effects\vivado.jou
#-----------------------------------------------------------
start_gui
open_project C:/Users/gagu2_000/Desktop/audio_effects/audio_effects/audio_effects.xpr
Scanning sources...
Finished scanning sources
INFO: [IP_Flow 19-234] Refreshing IP repositories
INFO: [IP_Flow 19-1704] No user IP repositories specified
INFO: [IP_Flow 19-2313] Loaded Vivado IP repository 'C:/Xilinx/Vivado/2016.2/data/ip'.
open_project: Time (s): cpu = 00:00:26 ; elapsed = 00:00:16 . Memory (MB): peak = 792.293 ; gain = 126.512
update_compile_order -fileset sources_1
update_compile_order -fileset sources_1
reset_run synth_1
launch_runs impl_1 -to_step write_bitstream
[Tue Apr 03 17:34:23 2018] Launched synth_1...
Run output will be captured here: C:/Users/gagu2_000/Desktop/audio_effects/audio_effects/audio_effects.runs/synth_1/runme.log
[Tue Apr 03 17:34:23 2018] Launched impl_1...
Run output will be captured here: C:/Users/gagu2_000/Desktop/audio_effects/audio_effects/audio_effects.runs/impl_1/runme.log
reset_run impl_1 -noclean_dir 
WARNING: [Vivado 12-1017] Problems encountered:
1. PID not specified

exit
INFO: [Common 17-206] Exiting Vivado at Tue Apr 03 21:04:48 2018...
