#-----------------------------------------------------------
# Vivado v2016.2 (64-bit)
# SW Build 1577090 on Thu Jun  2 16:32:40 MDT 2016
# IP Build 1577682 on Fri Jun  3 12:00:54 MDT 2016
# Start of session at: Sat Apr 07 18:56:00 2018
# Process ID: 11700
# Current directory: C:/Users/Sharon Chiang/Desktop/audio_effects_combined
# Command line: vivado.exe -gui_launcher_event rodinguilauncherevent920 C:\Users\Sharon Chiang\Desktop\audio_effects_combined\audio_effects.xpr
# Log file: C:/Users/Sharon Chiang/Desktop/audio_effects_combined/vivado.log
# Journal file: C:/Users/Sharon Chiang/Desktop/audio_effects_combined\vivado.jou
#-----------------------------------------------------------
start_gui
open_project {C:/Users/Sharon Chiang/Desktop/audio_effects_combined/audio_effects.xpr}
INFO: [Project 1-313] Project file moved from 'C:/Users/Michael Lim/Desktop/audio_effects_combined' since last save.
Scanning sources...
Finished scanning sources
INFO: [IP_Flow 19-234] Refreshing IP repositories
INFO: [IP_Flow 19-1704] No user IP repositories specified
INFO: [IP_Flow 19-2313] Loaded Vivado IP repository 'C:/Xilinx/Vivado/2016.2/data/ip'.
update_compile_order -fileset sources_1
close [ open {C:/Users/Sharon Chiang/Desktop/audio_effects_combined/audio_effects.srcs/sources_1/new/songs.v} w ]
add_files {{C:/Users/Sharon Chiang/Desktop/audio_effects_combined/audio_effects.srcs/sources_1/new/songs.v}}
update_compile_order -fileset sources_1
update_compile_order -fileset sources_1
close [ open {C:/Users/Sharon Chiang/Desktop/audio_effects_combined/audio_effects.srcs/sources_1/new/amplify_songs.v} w ]
add_files {{C:/Users/Sharon Chiang/Desktop/audio_effects_combined/audio_effects.srcs/sources_1/new/amplify_songs.v}}
update_compile_order -fileset sources_1
update_compile_order -fileset sources_1
launch_runs impl_1 -to_step write_bitstream
[Sat Apr 07 19:18:12 2018] Launched synth_1...
Run output will be captured here: C:/Users/Sharon Chiang/Desktop/audio_effects_combined/audio_effects.runs/synth_1/runme.log
[Sat Apr 07 19:18:12 2018] Launched impl_1...
Run output will be captured here: C:/Users/Sharon Chiang/Desktop/audio_effects_combined/audio_effects.runs/impl_1/runme.log
close [ open {C:/Users/Sharon Chiang/Desktop/audio_effects_combined/audio_effects.srcs/sources_1/new/clock_generator_1k.v} w ]
add_files {{C:/Users/Sharon Chiang/Desktop/audio_effects_combined/audio_effects.srcs/sources_1/new/clock_generator_1k.v}}
update_compile_order -fileset sources_1
reset_run synth_1
launch_runs impl_1 -to_step write_bitstream
[Sat Apr 07 19:20:59 2018] Launched synth_1...
Run output will be captured here: C:/Users/Sharon Chiang/Desktop/audio_effects_combined/audio_effects.runs/synth_1/runme.log
[Sat Apr 07 19:20:59 2018] Launched impl_1...
Run output will be captured here: C:/Users/Sharon Chiang/Desktop/audio_effects_combined/audio_effects.runs/impl_1/runme.log
open_hw
connect_hw_server
INFO: [Labtools 27-2285] Connecting to hw_server url TCP:localhost:3121
open_hw_target
INFO: [Labtoolstcl 44-466] Opening hw_target localhost:3121/xilinx_tcf/Digilent/210183714110A
set_property PROGRAM.FILE {C:/Users/Sharon Chiang/Desktop/audio_effects_combined/audio_effects.runs/impl_1/AUDIO_FX_TOP.bit} [lindex [get_hw_devices] 0]
current_hw_device [lindex [get_hw_devices] 0]
refresh_hw_device -update_hw_probes false [lindex [get_hw_devices] 0]
INFO: [Labtools 27-1434] Device xc7a35t (JTAG device index = 0) is programmed with a design that has no supported debug core(s) in it.
WARNING: [Labtools 27-3123] The debug hub core was not detected at User Scan Chain 1 or 3.
Resolution: 
1. Make sure the clock connected to the debug hub (dbg_hub) core is a free running clock and is active OR
2. Manually launch hw_server with -e "set xsdb-user-bscan <C_USER_SCAN_CHAIN scan_chain_number>" to detect the debug hub at User Scan Chain of 2 or 4. To determine the user scan chain setting, open the implemented design and use: get_property C_USER_SCAN_CHAIN [get_debug_cores dbg_hub].
set_property PROBES.FILE {} [lindex [get_hw_devices] 0]
set_property PROGRAM.FILE {C:/Users/Sharon Chiang/Desktop/audio_effects_combined/audio_effects.runs/impl_1/AUDIO_FX_TOP.bit} [lindex [get_hw_devices] 0]
program_hw_devices [lindex [get_hw_devices] 0]
INFO: [Labtools 27-3164] End of startup status: HIGH
refresh_hw_device [lindex [get_hw_devices] 0]
INFO: [Labtools 27-1434] Device xc7a35t (JTAG device index = 0) is programmed with a design that has no supported debug core(s) in it.
WARNING: [Labtools 27-3123] The debug hub core was not detected at User Scan Chain 1 or 3.
Resolution: 
1. Make sure the clock connected to the debug hub (dbg_hub) core is a free running clock and is active OR
2. Manually launch hw_server with -e "set xsdb-user-bscan <C_USER_SCAN_CHAIN scan_chain_number>" to detect the debug hub at User Scan Chain of 2 or 4. To determine the user scan chain setting, open the implemented design and use: get_property C_USER_SCAN_CHAIN [get_debug_cores dbg_hub].
ERROR: [Labtoolstcl 44-513] HW Target shutdown. Closing target: localhost:3121/xilinx_tcf/Digilent/210183714110A
update_compile_order -fileset sources_1
reset_run synth_1
launch_runs impl_1 -to_step write_bitstream
[Sat Apr 07 19:30:33 2018] Launched synth_1...
Run output will be captured here: C:/Users/Sharon Chiang/Desktop/audio_effects_combined/audio_effects.runs/synth_1/runme.log
[Sat Apr 07 19:30:33 2018] Launched impl_1...
Run output will be captured here: C:/Users/Sharon Chiang/Desktop/audio_effects_combined/audio_effects.runs/impl_1/runme.log
disconnect_hw_server localhost:3121
connect_hw_server
INFO: [Labtools 27-2285] Connecting to hw_server url TCP:localhost:3121
ERROR: [Labtoolstcl 44-494] There is no active target available for server at localhost.
 Targets(s) ", jsn-Basys3-210183714110A" may be locked by another hw_server.
disconnect_hw_server localhost:3121
connect_hw_server
INFO: [Labtools 27-2285] Connecting to hw_server url TCP:localhost:3121
ERROR: [Labtoolstcl 44-494] There is no active target available for server at localhost.
 Targets(s) ", jsn-Basys3-210183714110A" may be locked by another hw_server.
INFO: [Labtoolstcl 44-466] Opening hw_target localhost:3121/xilinx_tcf/Digilent/210183714110A
INFO: [Labtools 27-1434] Device xc7a35t (JTAG device index = 0) is programmed with a design that has no supported debug core(s) in it.
WARNING: [Labtools 27-3123] The debug hub core was not detected at User Scan Chain 1 or 3.
Resolution: 
1. Make sure the clock connected to the debug hub (dbg_hub) core is a free running clock and is active OR
2. Manually launch hw_server with -e "set xsdb-user-bscan <C_USER_SCAN_CHAIN scan_chain_number>" to detect the debug hub at User Scan Chain of 2 or 4. To determine the user scan chain setting, open the implemented design and use: get_property C_USER_SCAN_CHAIN [get_debug_cores dbg_hub].
set_property PROBES.FILE {} [lindex [get_hw_devices] 0]
set_property PROGRAM.FILE {C:/Users/Sharon Chiang/Desktop/audio_effects_combined/audio_effects.runs/impl_1/AUDIO_FX_TOP.bit} [lindex [get_hw_devices] 0]
program_hw_devices [lindex [get_hw_devices] 0]
INFO: [Labtools 27-3164] End of startup status: HIGH
refresh_hw_device [lindex [get_hw_devices] 0]
INFO: [Labtools 27-1434] Device xc7a35t (JTAG device index = 0) is programmed with a design that has no supported debug core(s) in it.
WARNING: [Labtools 27-3123] The debug hub core was not detected at User Scan Chain 1 or 3.
Resolution: 
1. Make sure the clock connected to the debug hub (dbg_hub) core is a free running clock and is active OR
2. Manually launch hw_server with -e "set xsdb-user-bscan <C_USER_SCAN_CHAIN scan_chain_number>" to detect the debug hub at User Scan Chain of 2 or 4. To determine the user scan chain setting, open the implemented design and use: get_property C_USER_SCAN_CHAIN [get_debug_cores dbg_hub].
update_compile_order -fileset sources_1
reset_run synth_1
launch_runs impl_1 -to_step write_bitstream
[Sat Apr 07 19:39:51 2018] Launched synth_1...
Run output will be captured here: C:/Users/Sharon Chiang/Desktop/audio_effects_combined/audio_effects.runs/synth_1/runme.log
[Sat Apr 07 19:39:51 2018] Launched impl_1...
Run output will be captured here: C:/Users/Sharon Chiang/Desktop/audio_effects_combined/audio_effects.runs/impl_1/runme.log
reset_run synth_1
launch_runs impl_1 -to_step write_bitstream
[Sat Apr 07 19:40:30 2018] Launched synth_1...
Run output will be captured here: C:/Users/Sharon Chiang/Desktop/audio_effects_combined/audio_effects.runs/synth_1/runme.log
[Sat Apr 07 19:40:30 2018] Launched impl_1...
Run output will be captured here: C:/Users/Sharon Chiang/Desktop/audio_effects_combined/audio_effects.runs/impl_1/runme.log
set_property PROBES.FILE {} [lindex [get_hw_devices] 0]
set_property PROGRAM.FILE {C:/Users/Sharon Chiang/Desktop/audio_effects_combined/audio_effects.runs/impl_1/AUDIO_FX_TOP.bit} [lindex [get_hw_devices] 0]
program_hw_devices [lindex [get_hw_devices] 0]
INFO: [Labtools 27-3164] End of startup status: HIGH
refresh_hw_device [lindex [get_hw_devices] 0]
INFO: [Labtools 27-1434] Device xc7a35t (JTAG device index = 0) is programmed with a design that has no supported debug core(s) in it.
WARNING: [Labtools 27-3123] The debug hub core was not detected at User Scan Chain 1 or 3.
Resolution: 
1. Make sure the clock connected to the debug hub (dbg_hub) core is a free running clock and is active OR
2. Manually launch hw_server with -e "set xsdb-user-bscan <C_USER_SCAN_CHAIN scan_chain_number>" to detect the debug hub at User Scan Chain of 2 or 4. To determine the user scan chain setting, open the implemented design and use: get_property C_USER_SCAN_CHAIN [get_debug_cores dbg_hub].
ERROR: [Labtoolstcl 44-513] HW Target shutdown. Closing target: localhost:3121/xilinx_tcf/Digilent/210183714110A
remove_files {{C:/Users/Sharon Chiang/Desktop/audio_effects_combined/audio_effects.srcs/sources_1/new/music_note.v}}
file delete -force {C:/Users/Sharon Chiang/Desktop/audio_effects_combined/audio_effects.srcs/sources_1/new/music_note.v}
remove_files {{C:/Users/Sharon Chiang/Desktop/audio_effects_combined/audio_effects.srcs/sources_1/new/pitch1.v}}
file delete -force {C:/Users/Sharon Chiang/Desktop/audio_effects_combined/audio_effects.srcs/sources_1/new/pitch1.v}
remove_files {{C:/Users/Sharon Chiang/Desktop/audio_effects_combined/audio_effects.srcs/sources_1/new/switch_note.v}}
file delete -force {C:/Users/Sharon Chiang/Desktop/audio_effects_combined/audio_effects.srcs/sources_1/new/switch_note.v}
remove_files {{C:/Users/Sharon Chiang/Desktop/audio_effects_combined/audio_effects.srcs/sources_1/new/sharp_and_flat.v}}
file delete -force {C:/Users/Sharon Chiang/Desktop/audio_effects_combined/audio_effects.srcs/sources_1/new/sharp_and_flat.v}
remove_files {{C:/Users/Sharon Chiang/Desktop/audio_effects_combined/audio_effects.srcs/sources_1/new/clock_generator2.v}}
file delete -force {C:/Users/Sharon Chiang/Desktop/audio_effects_combined/audio_effects.srcs/sources_1/new/clock_generator2.v}
reset_run impl_1 -prev_step 
launch_runs impl_1 -to_step write_bitstream
[Sat Apr 07 19:53:17 2018] Launched impl_1...
Run output will be captured here: C:/Users/Sharon Chiang/Desktop/audio_effects_combined/audio_effects.runs/impl_1/runme.log
INFO: [Labtoolstcl 44-466] Opening hw_target localhost:3121/xilinx_tcf/Digilent/210183714110A
INFO: [Labtools 27-1434] Device xc7a35t (JTAG device index = 0) is programmed with a design that has no supported debug core(s) in it.
WARNING: [Labtools 27-3123] The debug hub core was not detected at User Scan Chain 1 or 3.
Resolution: 
1. Make sure the clock connected to the debug hub (dbg_hub) core is a free running clock and is active OR
2. Manually launch hw_server with -e "set xsdb-user-bscan <C_USER_SCAN_CHAIN scan_chain_number>" to detect the debug hub at User Scan Chain of 2 or 4. To determine the user scan chain setting, open the implemented design and use: get_property C_USER_SCAN_CHAIN [get_debug_cores dbg_hub].
set_property PROBES.FILE {} [lindex [get_hw_devices] 0]
set_property PROGRAM.FILE {C:/Users/Sharon Chiang/Desktop/audio_effects_combined/audio_effects.runs/impl_1/AUDIO_FX_TOP.bit} [lindex [get_hw_devices] 0]
program_hw_devices [lindex [get_hw_devices] 0]
INFO: [Labtools 27-3164] End of startup status: HIGH
refresh_hw_device [lindex [get_hw_devices] 0]
INFO: [Labtools 27-1434] Device xc7a35t (JTAG device index = 0) is programmed with a design that has no supported debug core(s) in it.
WARNING: [Labtools 27-3123] The debug hub core was not detected at User Scan Chain 1 or 3.
Resolution: 
1. Make sure the clock connected to the debug hub (dbg_hub) core is a free running clock and is active OR
2. Manually launch hw_server with -e "set xsdb-user-bscan <C_USER_SCAN_CHAIN scan_chain_number>" to detect the debug hub at User Scan Chain of 2 or 4. To determine the user scan chain setting, open the implemented design and use: get_property C_USER_SCAN_CHAIN [get_debug_cores dbg_hub].
ERROR: [Labtoolstcl 44-513] HW Target shutdown. Closing target: localhost:3121/xilinx_tcf/Digilent/210183714110A
exit
INFO: [Common 17-206] Exiting Vivado at Sat Apr 07 19:59:04 2018...
