#-----------------------------------------------------------
# Vivado v2016.2 (64-bit)
# SW Build 1577090 on Thu Jun  2 16:32:40 MDT 2016
# IP Build 1577682 on Fri Jun  3 12:00:54 MDT 2016
# Start of session at: Sat Apr 07 23:32:07 2018
# Process ID: 12156
# Current directory: C:/Users/Sharon Chiang/Desktop/audio_effects_combined
# Command line: vivado.exe -gui_launcher_event rodinguilauncherevent13100 C:\Users\Sharon Chiang\Desktop\audio_effects_combined\audio_effects.xpr
# Log file: C:/Users/Sharon Chiang/Desktop/audio_effects_combined/vivado.log
# Journal file: C:/Users/Sharon Chiang/Desktop/audio_effects_combined\vivado.jou
#-----------------------------------------------------------
start_gui
open_project {C:/Users/Sharon Chiang/Desktop/audio_effects_combined/audio_effects.xpr}
Scanning sources...
Finished scanning sources
INFO: [IP_Flow 19-234] Refreshing IP repositories
INFO: [IP_Flow 19-1704] No user IP repositories specified
INFO: [IP_Flow 19-2313] Loaded Vivado IP repository 'C:/Xilinx/Vivado/2016.2/data/ip'.
open_project: Time (s): cpu = 00:00:14 ; elapsed = 00:00:06 . Memory (MB): peak = 789.703 ; gain = 128.254
update_compile_order -fileset sources_1
exit
INFO: [Common 17-206] Exiting Vivado at Sat Apr 07 23:34:18 2018...
