#-----------------------------------------------------------
# Vivado v2016.2 (64-bit)
# SW Build 1577090 on Thu Jun  2 16:32:40 MDT 2016
# IP Build 1577682 on Fri Jun  3 12:00:54 MDT 2016
# Start of session at: Sat Apr 07 20:11:02 2018
# Process ID: 10164
# Current directory: C:/Users/Sharon Chiang/Desktop/audio_effects_combined
# Command line: vivado.exe -gui_launcher_event rodinguilauncherevent6536 C:\Users\Sharon Chiang\Desktop\audio_effects_combined\audio_effects.xpr
# Log file: C:/Users/Sharon Chiang/Desktop/audio_effects_combined/vivado.log
# Journal file: C:/Users/Sharon Chiang/Desktop/audio_effects_combined\vivado.jou
#-----------------------------------------------------------
start_gui
open_project {C:/Users/Sharon Chiang/Desktop/audio_effects_combined/audio_effects.xpr}
Scanning sources...
Finished scanning sources
INFO: [IP_Flow 19-234] Refreshing IP repositories
INFO: [IP_Flow 19-1704] No user IP repositories specified
INFO: [IP_Flow 19-2313] Loaded Vivado IP repository 'C:/Xilinx/Vivado/2016.2/data/ip'.
open_project: Time (s): cpu = 00:00:10 ; elapsed = 00:00:05 . Memory (MB): peak = 797.188 ; gain = 136.676
update_compile_order -fileset sources_1
reset_run synth_1
launch_runs impl_1 -to_step write_bitstream
[Sat Apr 07 20:13:39 2018] Launched synth_1...
Run output will be captured here: C:/Users/Sharon Chiang/Desktop/audio_effects_combined/audio_effects.runs/synth_1/runme.log
[Sat Apr 07 20:13:39 2018] Launched impl_1...
Run output will be captured here: C:/Users/Sharon Chiang/Desktop/audio_effects_combined/audio_effects.runs/impl_1/runme.log
exit
INFO: [Common 17-206] Exiting Vivado at Sat Apr 07 20:17:11 2018...
